{
  "stats": {
    "suites": 1,
    "tests": 7,
    "passes": 7,
    "pending": 0,
    "failures": 0,
    "start": "2022-07-29T17:43:21.096Z",
    "end": "2022-07-29T17:43:39.536Z",
    "duration": 18440,
    "testsRegistered": 7,
    "passPercent": 100,
    "pendingPercent": 0,
    "other": 0,
    "hasOther": false,
    "skipped": 0,
    "hasSkipped": false
  },
  "results": [
    {
      "uuid": "f6924e46-bbc1-4892-b01c-8e08cc2adfcc",
      "title": "",
      "fullFile": "cypress\\e2e\\3-alura-pic\\alurapic.cy.js",
      "file": "cypress\\e2e\\3-alura-pic\\alurapic.cy.js",
      "beforeHooks": [],
      "afterHooks": [],
      "tests": [],
      "suites": [
        {
          "uuid": "357a3474-d893-4a09-b4b9-b4ba5b465aee",
          "title": "alura busca cursos",
          "fullFile": "",
          "file": "",
          "beforeHooks": [],
          "afterHooks": [],
          "tests": [
            {
              "title": "verifica mensagens validacao",
              "fullTitle": "alura busca cursos verifica mensagens validacao",
              "timedOut": null,
              "duration": 3274,
              "state": "passed",
              "speed": "fast",
              "pass": true,
              "fail": false,
              "pending": false,
              "context": null,
              "code": "cy.contains('a', 'Register now').click();\ncy.contains('button', 'Register').click();\ncy.contains('ap-vmessage', 'Email is required!').should('be.visible');\ncy.contains('button', 'Register').click();\ncy.contains('ap-vmessage', 'Full name is required!').should('be.visible');\ncy.contains('ap-vmessage', 'User name is required!').should('be.visible');\ncy.contains('ap-vmessage', 'Password is required!').should('be.visible');",
              "err": {},
              "uuid": "5bbc9493-c959-420e-bb63-1d404da677bc",
              "parentUUID": "357a3474-d893-4a09-b4b9-b4ba5b465aee",
              "isHook": false,
              "skipped": false
            },
            {
              "title": "verifica mensagens de email invalido",
              "fullTitle": "alura busca cursos verifica mensagens de email invalido",
              "timedOut": null,
              "duration": 2323,
              "state": "passed",
              "speed": "fast",
              "pass": true,
              "fail": false,
              "pending": false,
              "context": null,
              "code": "cy.contains('a', 'Register now').click();\ncy.contains('button', 'Register').click();\ncy.get('input[formcontrolname=\"email\"]').type('jacqueline');\ncy.contains('ap-vmessage', 'Invalid e-mail').should('be.visible');",
              "err": {},
              "uuid": "3c0dd9ca-de03-456c-af82-13dd7704f412",
              "parentUUID": "357a3474-d893-4a09-b4b9-b4ba5b465aee",
              "isHook": false,
              "skipped": false
            },
            {
              "title": "verifica senha invalida",
              "fullTitle": "alura busca cursos verifica senha invalida",
              "timedOut": null,
              "duration": 1540,
              "state": "passed",
              "speed": "fast",
              "pass": true,
              "fail": false,
              "pending": false,
              "context": null,
              "code": "cy.contains('a', 'Register now').click();\ncy.contains('button', 'Register').click();\ncy.get('input[formcontrolname=\"password\"]').type('123');\ncy.contains('button', 'Register').click();\ncy.contains('ap-vmessage', 'Mininum length is 8').should('be.visible');",
              "err": {},
              "uuid": "2ebc5373-7800-4f15-830a-4486a3d07df3",
              "parentUUID": "357a3474-d893-4a09-b4b9-b4ba5b465aee",
              "isHook": false,
              "skipped": false
            },
            {
              "title": "verifica nome errado",
              "fullTitle": "alura busca cursos verifica nome errado",
              "timedOut": null,
              "duration": 1474,
              "state": "passed",
              "speed": "fast",
              "pass": true,
              "fail": false,
              "pending": false,
              "context": null,
              "code": "cy.contains('a', 'Register now').click();\ncy.contains('button', 'Register').click();\ncy.get('input[formcontrolname=\"fullName\"]').type('e');\ncy.contains('button', 'Register').click();\ncy.contains('ap-vmessage', 'Mininum length is 2').should('be.visible');",
              "err": {},
              "uuid": "3b1a53d5-53d2-449f-bd79-fd13e660e734",
              "parentUUID": "357a3474-d893-4a09-b4b9-b4ba5b465aee",
              "isHook": false,
              "skipped": false
            },
            {
              "title": "verifica nome errado",
              "fullTitle": "alura busca cursos verifica nome errado",
              "timedOut": null,
              "duration": 1460,
              "state": "passed",
              "speed": "fast",
              "pass": true,
              "fail": false,
              "pending": false,
              "context": null,
              "code": "cy.contains('a', 'Register now').click();\ncy.contains('button', 'Register').click();\ncy.get('input[formcontrolname=\"fullName\"]').type('e');\ncy.contains('button', 'Register').click();\ncy.contains('ap-vmessage', 'Mininum length is 2').should('be.visible');",
              "err": {},
              "uuid": "d8636529-136d-4a3a-a145-7f7a21409041",
              "parentUUID": "357a3474-d893-4a09-b4b9-b4ba5b465aee",
              "isHook": false,
              "skipped": false
            },
            {
              "title": "verifica username invalido",
              "fullTitle": "alura busca cursos verifica username invalido",
              "timedOut": null,
              "duration": 1538,
              "state": "passed",
              "speed": "fast",
              "pass": true,
              "fail": false,
              "pending": false,
              "context": null,
              "code": "cy.contains('a', 'Register now').click();\ncy.contains('button', 'Register').click();\ncy.get('input[formcontrolname=\"userName\"]').type('e');\ncy.contains('button', 'Register').click();\ncy.contains('ap-vmessage', 'Mininum length is 2').should('be.visible');",
              "err": {},
              "uuid": "dc59fb14-677f-446e-b0d1-5cb1674bc416",
              "parentUUID": "357a3474-d893-4a09-b4b9-b4ba5b465aee",
              "isHook": false,
              "skipped": false
            },
            {
              "title": "verifica username valido",
              "fullTitle": "alura busca cursos verifica username valido",
              "timedOut": null,
              "duration": 3370,
              "state": "passed",
              "speed": "fast",
              "pass": true,
              "fail": false,
              "pending": false,
              "context": null,
              "code": "cy.contains('a', 'Register now').click();\ncy.contains('button', 'Register').click();\ncy.get('input[formcontrolname=\"userName\"]').type('ana');\ncy.contains('button', 'Register').click();\ncy.contains('small', 'User available').should('be.visible');",
              "err": {},
              "uuid": "46eff818-cf72-4896-b33d-68472d700759",
              "parentUUID": "357a3474-d893-4a09-b4b9-b4ba5b465aee",
              "isHook": false,
              "skipped": false
            }
          ],
          "suites": [],
          "passes": [
            "5bbc9493-c959-420e-bb63-1d404da677bc",
            "3c0dd9ca-de03-456c-af82-13dd7704f412",
            "2ebc5373-7800-4f15-830a-4486a3d07df3",
            "3b1a53d5-53d2-449f-bd79-fd13e660e734",
            "d8636529-136d-4a3a-a145-7f7a21409041",
            "dc59fb14-677f-446e-b0d1-5cb1674bc416",
            "46eff818-cf72-4896-b33d-68472d700759"
          ],
          "failures": [],
          "pending": [],
          "skipped": [],
          "duration": 14979,
          "root": false,
          "rootEmpty": false,
          "_timeout": 2000
        }
      ],
      "passes": [],
      "failures": [],
      "pending": [],
      "skipped": [],
      "duration": 0,
      "root": true,
      "rootEmpty": true,
      "_timeout": 2000
    }
  ],
  "meta": {
    "mocha": {
      "version": "7.0.1"
    },
    "mochawesome": {
      "options": {
        "quiet": false,
        "reportFilename": "mochawesome",
        "saveHtml": true,
        "saveJson": true,
        "consoleReporter": "spec",
        "useInlineDiffs": false,
        "code": true
      },
      "version": "7.1.3"
    },
    "marge": {
      "options": null,
      "version": "6.2.0"
    }
  }
}